# JRE version: OpenJDK Runtime Environment (23.0.2+7) (build 23.0.2+7-58)
# Java VM: OpenJDK 64-Bit Server VM (23.0.2+7-58, mixed mode, sharing, tiered, compressed oops, compressed class ptrs, g1 gc, windows-amd64)
GC Precious Log:
 CardTable entry size: 512
 Card Set container configuration: InlinePtr #cards 5 size 8 Array Of Cards #cards 10 size 36 Howl #buckets 4 coarsen threshold 1843 Howl Bitmap #cards 512 size 80 coarsen threshold 460 Card regions per heap region 1 cards per card region 2048
 CPUs: 12 total, 12 available
 Memory: 6005M
 Large Page Support: Disabled
 NUMA Support: Disabled
 Compressed Oops: Enabled (32-bit)
 Heap Region Size: 1M
 Heap Min Capacity: 8M
 Heap Initial Capacity: 94M
 Heap Max Capacity: 1502M
 Pre-touch: Disabled
 Parallel Workers: 10
 Concurrent Workers: 3
 Concurrent Refinement Workers: 10
 Periodic GC: Disabled
Heap:
 garbage-first heap   total reserved 1538048K, committed 516096K, used 273920K [0x00000000a2200000, 0x0000000100000000)
  region size 1024K, 14 young (14336K), 14 survivors (14336K)
 Metaspace       used 66211K, committed 66880K, reserved 1114112K
  class space    used 9499K, committed 9792K, reserved 1048576K
GC Heap History (20 events):
Event: 25.174 GC heap after
{Heap after GC invocations=25 (full 0):
 garbage-first heap   total reserved 1538048K, committed 159744K, used 100864K [0x00000000a2200000, 0x0000000100000000)
  region size 1024K, 6 young (6144K), 6 survivors (6144K)
 Metaspace       used 64464K, committed 65088K, reserved 1114112K
  class space    used 9122K, committed 9408K, reserved 1048576K
}
Event: 25.230 GC heap before
{Heap before GC invocations=25 (full 0):
 garbage-first heap   total reserved 1538048K, committed 159744K, used 115200K [0x00000000a2200000, 0x0000000100000000)
  region size 1024K, 21 young (21504K), 6 survivors (6144K)
 Metaspace       used 64464K, committed 65088K, reserved 1114112K
  class space    used 9122K, committed 9408K, reserved 1048576K
}
Event: 25.254 GC heap after
{Heap after GC invocations=26 (full 0):
 garbage-first heap   total reserved 1538048K, committed 159744K, used 106496K [0x00000000a2200000, 0x0000000100000000)
  region size 1024K, 5 young (5120K), 5 survivors (5120K)
 Metaspace       used 64464K, committed 65088K, reserved 1114112K
  class space    used 9122K, committed 9408K, reserved 1048576K
}
Event: 25.444 GC heap before
{Heap before GC invocations=27 (full 0):
 garbage-first heap   total reserved 1538048K, committed 181248K, used 137216K [0x00000000a2200000, 0x0000000100000000)
  region size 1024K, 33 young (33792K), 5 survivors (5120K)
 Metaspace       used 64464K, committed 65088K, reserved 1114112K
  class space    used 9122K, committed 9408K, reserved 1048576K
}
Event: 25.473 GC heap after
{Heap after GC invocations=28 (full 0):
 garbage-first heap   total reserved 1538048K, committed 181248K, used 117760K [0x00000000a2200000, 0x0000000100000000)
  region size 1024K, 5 young (5120K), 5 survivors (5120K)
 Metaspace       used 64464K, committed 65088K, reserved 1114112K
  class space    used 9122K, committed 9408K, reserved 1048576K
}
Event: 25.566 GC heap before
{Heap before GC invocations=28 (full 0):
 garbage-first heap   total reserved 1538048K, committed 181248K, used 152576K [0x00000000a2200000, 0x0000000100000000)
  region size 1024K, 39 young (39936K), 5 survivors (5120K)
 Metaspace       used 64464K, committed 65088K, reserved 1114112K
  class space    used 9122K, committed 9408K, reserved 1048576K
}
Event: 25.593 GC heap after
{Heap after GC invocations=29 (full 0):
 garbage-first heap   total reserved 1538048K, committed 181248K, used 130560K [0x00000000a2200000, 0x0000000100000000)
  region size 1024K, 5 young (5120K), 5 survivors (5120K)
 Metaspace       used 64464K, committed 65088K, reserved 1114112K
  class space    used 9122K, committed 9408K, reserved 1048576K
}
Event: 25.661 GC heap before
{Heap before GC invocations=29 (full 0):
 garbage-first heap   total reserved 1538048K, committed 181248K, used 157184K [0x00000000a2200000, 0x0000000100000000)
  region size 1024K, 31 young (31744K), 5 survivors (5120K)
 Metaspace       used 64464K, committed 65088K, reserved 1114112K
  class space    used 9122K, committed 9408K, reserved 1048576K
}
Event: 25.688 GC heap after
{Heap after GC invocations=30 (full 0):
 garbage-first heap   total reserved 1538048K, committed 516096K, used 138752K [0x00000000a2200000, 0x0000000100000000)
  region size 1024K, 4 young (4096K), 4 survivors (4096K)
 Metaspace       used 64464K, committed 65088K, reserved 1114112K
  class space    used 9122K, committed 9408K, reserved 1048576K
}
Event: 27.458 GC heap before
{Heap before GC invocations=31 (full 0):
 garbage-first heap   total reserved 1538048K, committed 450560K, used 331264K [0x00000000a2200000, 0x0000000100000000)
  region size 1024K, 195 young (199680K), 4 survivors (4096K)
 Metaspace       used 66191K, committed 66816K, reserved 1114112K
  class space    used 9499K, committed 9792K, reserved 1048576K
}
Event: 27.650 GC heap after
{Heap after GC invocations=32 (full 0):
 garbage-first heap   total reserved 1538048K, committed 450560K, used 189894K [0x00000000a2200000, 0x0000000100000000)
  region size 1024K, 25 young (25600K), 25 survivors (25600K)
 Metaspace       used 66191K, committed 66816K, reserved 1114112K
  class space    used 9499K, committed 9792K, reserved 1048576K
}
Event: 28.335 GC heap before
{Heap before GC invocations=32 (full 0):
 garbage-first heap   total reserved 1538048K, committed 450560K, used 317894K [0x00000000a2200000, 0x0000000100000000)
  region size 1024K, 147 young (150528K), 25 survivors (25600K)
 Metaspace       used 66210K, committed 66880K, reserved 1114112K
  class space    used 9499K, committed 9792K, reserved 1048576K
}
Event: 28.385 GC heap after
{Heap after GC invocations=33 (full 0):
 garbage-first heap   total reserved 1538048K, committed 450560K, used 225791K [0x00000000a2200000, 0x0000000100000000)
  region size 1024K, 19 young (19456K), 19 survivors (19456K)
 Metaspace       used 66210K, committed 66880K, reserved 1114112K
  class space    used 9499K, committed 9792K, reserved 1048576K
}
Event: 28.449 GC heap before
{Heap before GC invocations=33 (full 0):
 garbage-first heap   total reserved 1538048K, committed 450560K, used 255487K [0x00000000a2200000, 0x0000000100000000)
  region size 1024K, 49 young (50176K), 19 survivors (19456K)
 Metaspace       used 66210K, committed 66880K, reserved 1114112K
  class space    used 9499K, committed 9792K, reserved 1048576K
}
Event: 28.482 GC heap after
{Heap after GC invocations=34 (full 0):
 garbage-first heap   total reserved 1538048K, committed 450560K, used 242176K [0x00000000a2200000, 0x0000000100000000)
  region size 1024K, 15 young (15360K), 15 survivors (15360K)
 Metaspace       used 66210K, committed 66880K, reserved 1114112K
  class space    used 9499K, committed 9792K, reserved 1048576K
}
Event: 28.871 GC heap before
{Heap before GC invocations=35 (full 0):
 garbage-first heap   total reserved 1538048K, committed 450560K, used 346112K [0x00000000a2200000, 0x0000000100000000)
  region size 1024K, 127 young (130048K), 15 survivors (15360K)
 Metaspace       used 66210K, committed 66880K, reserved 1114112K
  class space    used 9499K, committed 9792K, reserved 1048576K
}
Event: 28.931 GC heap after
{Heap after GC invocations=36 (full 0):
 garbage-first heap   total reserved 1538048K, committed 450560K, used 278528K [0x00000000a2200000, 0x0000000100000000)
  region size 1024K, 16 young (16384K), 16 survivors (16384K)
 Metaspace       used 66210K, committed 66880K, reserved 1114112K
  class space    used 9499K, committed 9792K, reserved 1048576K
}
Event: 29.165 GC heap before
{Heap before GC invocations=36 (full 0):
 garbage-first heap   total reserved 1538048K, committed 450560K, used 369664K [0x00000000a2200000, 0x0000000100000000)
  region size 1024K, 105 young (107520K), 16 survivors (16384K)
 Metaspace       used 66210K, committed 66880K, reserved 1114112K
  class space    used 9499K, committed 9792K, reserved 1048576K
}
Event: 29.204 GC heap after
{Heap after GC invocations=37 (full 0):
 garbage-first heap   total reserved 1538048K, committed 450560K, used 271872K [0x00000000a2200000, 0x0000000100000000)
  region size 1024K, 14 young (14336K), 14 survivors (14336K)
 Metaspace       used 66210K, committed 66880K, reserved 1114112K
  class space    used 9499K, committed 9792K, reserved 1048576K
}
Event: 29.514 GC heap before
{Heap before GC invocations=37 (full 0):
 garbage-first heap   total reserved 1538048K, committed 450560K, used 370176K [0x00000000a2200000, 0x0000000100000000)
  region size 1024K, 105 young (107520K), 14 survivors (14336K)
 Metaspace       used 66211K, committed 66880K, reserved 1114112K
  class space    used 9499K, committed 9792K, reserved 1048576K
}

